2025-07-26 12:23:39,221 - app.api.routes - ERROR - SmartProxy API error for user shaq: Profile analysis failed: Request error: 
2025-07-26 12:24:07,750 - app.api.routes - ERROR - SmartProxy API error for user mkbhd: Profile analysis failed: Request error: 
2025-07-26 12:34:27,363 - app.scrapers.smartproxy_client - DEBUG - Making request to https://scraper-api.decodo.com/v2/scrape with payload: {'target': 'instagram_graphql_profile', 'query': 'shaq'}
2025-07-26 12:34:38,151 - app.scrapers.smartproxy_client - DEBUG - Response status: 200
2025-07-26 12:34:38,152 - app.scrapers.smartproxy_client - DEBUG - Response data keys: ['status', 'status_code', 'message', 'task_id']
2025-07-26 12:34:38,152 - app.api.routes - ERROR - SmartProxy API error for user shaq: Profile analysis failed: name 'settings' is not defined
2025-07-26 12:35:45,316 - app.scrapers.smartproxy_client - DEBUG - Making request to https://scraper-api.decodo.com/v2/scrape with payload: {'target': 'instagram_graphql_profile', 'query': 'instagram'}
2025-07-26 12:35:52,649 - app.scrapers.smartproxy_client - DEBUG - Response status: 200
2025-07-26 12:35:52,652 - app.scrapers.smartproxy_client - DEBUG - Response data keys: ['results']
2025-07-26 12:36:33,643 - app.scrapers.smartproxy_client - DEBUG - Making request to https://scraper-api.decodo.com/v2/scrape with payload: {'target': 'instagram_graphql_profile', 'query': 'shaq'}
2025-07-26 12:36:42,213 - app.scrapers.smartproxy_client - DEBUG - Response status: 200
2025-07-26 12:36:42,213 - app.scrapers.smartproxy_client - DEBUG - Response data keys: ['status', 'status_code', 'message', 'task_id']
2025-07-26 12:36:42,213 - app.api.routes - ERROR - SmartProxy API error for user shaq: Profile analysis failed: name 'settings' is not defined
2025-07-26 12:37:45,123 - app.scrapers.smartproxy_client - DEBUG - Making request to https://scraper-api.decodo.com/v2/scrape with payload: {'target': 'instagram_graphql_profile', 'query': 'mkbhd'}
2025-07-26 12:37:52,940 - app.scrapers.smartproxy_client - DEBUG - Response status: 200
2025-07-26 12:37:52,940 - app.scrapers.smartproxy_client - DEBUG - Response data keys: ['status', 'status_code', 'message', 'task_id']
2025-07-26 12:37:52,940 - app.api.routes - ERROR - SmartProxy API error for user mkbhd: Profile analysis failed: name 'settings' is not defined
2025-07-26 12:38:44,909 - app.scrapers.smartproxy_client - DEBUG - Making request to https://scraper-api.decodo.com/v2/scrape with payload: {'target': 'instagram_graphql_profile', 'query': 'mkbhd'}
2025-07-26 12:39:15,247 - app.api.routes - ERROR - SmartProxy API error for user mkbhd: Profile analysis failed: Request timeout
2025-07-26 12:40:24,445 - app.scrapers.smartproxy_client - DEBUG - Making request to https://scraper-api.decodo.com/v2/scrape with payload: {'target': 'instagram_graphql_profile', 'query': 'instagram'}
2025-07-26 12:40:31,980 - app.scrapers.smartproxy_client - DEBUG - Response status: 200
2025-07-26 12:40:31,982 - app.scrapers.smartproxy_client - DEBUG - Response data keys: ['results']
2025-07-26 12:40:44,196 - app.scrapers.smartproxy_client - DEBUG - Making request to https://scraper-api.decodo.com/v2/scrape with payload: {'target': 'instagram_graphql_profile', 'query': 'shaq'}
2025-07-26 12:40:53,835 - app.scrapers.smartproxy_client - DEBUG - Response status: 200
2025-07-26 12:40:53,836 - app.scrapers.smartproxy_client - DEBUG - Response data keys: ['status', 'status_code', 'message', 'task_id']
2025-07-26 12:41:09,611 - app.scrapers.smartproxy_client - DEBUG - Making request to https://scraper-api.decodo.com/v2/scrape with payload: {'target': 'instagram_graphql_profile', 'query': 'mkbhd'}
2025-07-26 12:41:43,362 - app.scrapers.smartproxy_client - DEBUG - Response status: 200
2025-07-26 12:41:43,362 - app.scrapers.smartproxy_client - DEBUG - Response data keys: ['status', 'status_code', 'message', 'task_id']
